[2022-09-15 10:36:26] app.ERROR: Data from PrestaShop Addons is invalid, and cannot fallback on cache. [] []
[2022-09-15 10:36:31] app.INFO: Protect vendor folder in module gamification [] []
[2022-09-15 10:36:32] app.INFO: Protect vendor folder in module psaddonsconnect [] []
[2022-09-15 10:36:37] app.INFO: Protect vendor folder in module psgdpr [] []
[2022-09-15 10:36:40] app.INFO: Protect vendor folder in module ps_mbo [] []
[2022-09-15 10:36:40] app.INFO: Protect vendor folder in module ps_buybuttonlite [] []
[2022-09-15 10:36:43] app.INFO: Protect vendor folder in module ps_checkout [] []
[2022-09-15 20:35:10] request.INFO: Matched route "admin_themes_enable". {"route":"admin_themes_enable","route_parameters":{"_controller":"PrestaShopBundle\\Controller\\Admin\\Improve\\Design\\ThemeController::enableAction","_legacy_controller":"AdminThemes","_legacy_link":"AdminThemes:enableTheme","_legacy_parameters":{"theme_name":"themeName"},"themeName":"shopkart_lite","_route":"admin_themes_enable"},"request_uri":"https://localhost/prestashop/admin329ejmxth/index.php/improve/design/themes/shopkart_lite/enable?_token=zAz2gs6zawavPh1SuNje314bn15rFg_18kVeacPyjG0","method":"POST"} []
[2022-09-15 20:35:10] security.DEBUG: Read existing security token from the session. {"key":"_security_main","token_class":"Symfony\\Component\\Security\\Core\\Authentication\\Token\\UsernamePasswordToken"} []
[2022-09-15 20:35:10] security.DEBUG: User was reloaded from a user provider. {"provider":"PrestaShopBundle\\Security\\Admin\\EmployeeProvider","username":"iftenezineb0311@gmail.com"} []
[2022-09-15 20:35:16] app.ERROR: Data from PrestaShop Addons is invalid, and cannot fallback on cache. [] []
[2022-09-15 20:35:17] app.INFO: Protect vendor folder in module ps_newproducts [] []
[2022-09-15 20:35:17] app.INFO: Module ps_newproducts has no vendor folder [] []
[2022-09-15 20:35:17] app.INFO: Protect vendor folder in module ht_scrolltop [] []
[2022-09-15 20:35:17] app.INFO: Module ht_scrolltop has no vendor folder [] []
[2022-09-15 20:35:17] app.INFO: Protect vendor folder in module ht_staticblocks [] []
[2022-09-15 20:35:17] app.INFO: Module ht_staticblocks has no vendor folder [] []
[2022-09-15 20:35:17] app.INFO: Protect vendor folder in module ht_brandlist [] []
[2022-09-15 20:35:17] app.INFO: Module ht_brandlist has no vendor folder [] []
[2022-09-15 20:35:17] app.INFO: Protect vendor folder in module ht_googleanalytics [] []
[2022-09-15 20:35:17] app.INFO: Module ht_googleanalytics has no vendor folder [] []
[2022-09-15 20:35:19] security.DEBUG: Stored the security token in the session. {"key":"_security_main"} []
[2022-09-15 22:21:00] request.INFO: Matched route "admin_module_manage". {"route":"admin_module_manage","route_parameters":{"category":null,"keyword":null,"_controller":"PrestaShopBundle\\Controller\\Admin\\Improve\\ModuleController::manageAction","_legacy_controller":"AdminModulesManage","_legacy_link":["AdminModulesManage","AdminModulesSf"],"_route":"admin_module_manage"},"request_uri":"https://localhost/prestashop/admin329ejmxth/index.php/improve/modules/manage?_token=zAz2gs6zawavPh1SuNje314bn15rFg_18kVeacPyjG0","method":"GET"} []
[2022-09-15 22:21:00] security.DEBUG: Read existing security token from the session. {"key":"_security_main","token_class":"Symfony\\Component\\Security\\Core\\Authentication\\Token\\UsernamePasswordToken"} []
[2022-09-15 22:21:00] security.DEBUG: User was reloaded from a user provider. {"provider":"PrestaShopBundle\\Security\\Admin\\EmployeeProvider","username":"iftenezineb0311@gmail.com"} []
[2022-09-15 22:21:07] app.ERROR: Data from PrestaShop Addons is invalid, and cannot fallback on cache. [] []
[2022-09-15 22:21:20] security.DEBUG: Stored the security token in the session. {"key":"_security_main"} []
[2022-09-15 22:21:23] request.INFO: Matched route "admin_module_notification_count". {"route":"admin_module_notification_count","route_parameters":{"_controller":"PrestaShopBundle\\Controller\\Admin\\Improve\\Modules\\AlertsController::notificationsCountAction","_legacy_controller":"AdminModulesNotifications","_legacy_link":"AdminModulesNotifications:count","_route":"admin_module_notification_count"},"request_uri":"https://localhost/prestashop/admin329ejmxth/index.php/improve/modules/alerts/count?_token=zAz2gs6zawavPh1SuNje314bn15rFg_18kVeacPyjG0","method":"GET"} []
[2022-09-15 22:21:24] security.DEBUG: Read existing security token from the session. {"key":"_security_main","token_class":"Symfony\\Component\\Security\\Core\\Authentication\\Token\\UsernamePasswordToken"} []
[2022-09-15 22:21:24] security.DEBUG: User was reloaded from a user provider. {"provider":"PrestaShopBundle\\Security\\Admin\\EmployeeProvider","username":"iftenezineb0311@gmail.com"} []
[2022-09-15 22:21:30] app.ERROR: Data from PrestaShop Addons is invalid, and cannot fallback on cache. [] []
[2022-09-15 22:21:31] security.DEBUG: Stored the security token in the session. {"key":"_security_main"} []
[2022-09-16 01:06:40] request.INFO: Matched route "admin_module_manage". {"route":"admin_module_manage","route_parameters":{"category":null,"keyword":null,"_controller":"PrestaShopBundle\\Controller\\Admin\\Improve\\ModuleController::manageAction","_legacy_controller":"AdminModulesManage","_legacy_link":["AdminModulesManage","AdminModulesSf"],"_route":"admin_module_manage"},"request_uri":"https://localhost/prestashop/admin329ejmxth/index.php/improve/modules/manage?_token=zAz2gs6zawavPh1SuNje314bn15rFg_18kVeacPyjG0","method":"GET"} []
[2022-09-16 01:06:40] security.DEBUG: Read existing security token from the session. {"key":"_security_main","token_class":"Symfony\\Component\\Security\\Core\\Authentication\\Token\\UsernamePasswordToken"} []
[2022-09-16 01:06:40] security.DEBUG: User was reloaded from a user provider. {"provider":"PrestaShopBundle\\Security\\Admin\\EmployeeProvider","username":"iftenezineb0311@gmail.com"} []
[2022-09-16 01:06:47] app.ERROR: Data from PrestaShop Addons is invalid, and cannot fallback on cache. [] []
[2022-09-16 01:06:54] security.DEBUG: Stored the security token in the session. {"key":"_security_main"} []
[2022-09-16 01:06:57] request.INFO: Matched route "admin_module_notification_count". {"route":"admin_module_notification_count","route_parameters":{"_controller":"PrestaShopBundle\\Controller\\Admin\\Improve\\Modules\\AlertsController::notificationsCountAction","_legacy_controller":"AdminModulesNotifications","_legacy_link":"AdminModulesNotifications:count","_route":"admin_module_notification_count"},"request_uri":"https://localhost/prestashop/admin329ejmxth/index.php/improve/modules/alerts/count?_token=zAz2gs6zawavPh1SuNje314bn15rFg_18kVeacPyjG0","method":"GET"} []
[2022-09-16 01:06:58] security.DEBUG: Read existing security token from the session. {"key":"_security_main","token_class":"Symfony\\Component\\Security\\Core\\Authentication\\Token\\UsernamePasswordToken"} []
[2022-09-16 01:06:59] security.DEBUG: User was reloaded from a user provider. {"provider":"PrestaShopBundle\\Security\\Admin\\EmployeeProvider","username":"iftenezineb0311@gmail.com"} []
[2022-09-16 01:07:04] app.ERROR: Data from PrestaShop Addons is invalid, and cannot fallback on cache. [] []
[2022-09-16 01:07:05] security.DEBUG: Stored the security token in the session. {"key":"_security_main"} []
[2022-09-16 01:07:33] request.INFO: Matched route "admin_module_notification_count". {"route":"admin_module_notification_count","route_parameters":{"_controller":"PrestaShopBundle\\Controller\\Admin\\Improve\\Modules\\AlertsController::notificationsCountAction","_legacy_controller":"AdminModulesNotifications","_legacy_link":"AdminModulesNotifications:count","_route":"admin_module_notification_count"},"request_uri":"https://localhost/prestashop/admin329ejmxth/index.php/improve/modules/alerts/count?_token=zAz2gs6zawavPh1SuNje314bn15rFg_18kVeacPyjG0","method":"GET"} []
[2022-09-16 01:07:34] security.DEBUG: Read existing security token from the session. {"key":"_security_main","token_class":"Symfony\\Component\\Security\\Core\\Authentication\\Token\\UsernamePasswordToken"} []
[2022-09-16 01:07:34] security.DEBUG: User was reloaded from a user provider. {"provider":"PrestaShopBundle\\Security\\Admin\\EmployeeProvider","username":"iftenezineb0311@gmail.com"} []
[2022-09-16 01:07:39] app.ERROR: Data from PrestaShop Addons is invalid, and cannot fallback on cache. [] []
[2022-09-16 01:07:40] security.DEBUG: Stored the security token in the session. {"key":"_security_main"} []
[2022-09-16 01:07:33] request.INFO: Matched route "admin_module_catalog_refresh". {"route":"admin_module_catalog_refresh","route_parameters":{"category":null,"keyword":null,"_controller":"PrestaShopBundle\\Controller\\Admin\\Improve\\ModuleController::refreshCatalogAction","_legacy_controller":"AdminModulesCatalog","_legacy_link":"AdminModulesCatalog:refresh","_route":"admin_module_catalog_refresh"},"request_uri":"https://localhost/prestashop/admin329ejmxth/index.php/improve/modules/catalog/refresh?_token=zAz2gs6zawavPh1SuNje314bn15rFg_18kVeacPyjG0","method":"GET"} []
[2022-09-16 01:07:40] security.DEBUG: Read existing security token from the session. {"key":"_security_main","token_class":"Symfony\\Component\\Security\\Core\\Authentication\\Token\\UsernamePasswordToken"} []
[2022-09-16 01:07:40] security.DEBUG: User was reloaded from a user provider. {"provider":"PrestaShopBundle\\Security\\Admin\\EmployeeProvider","username":"iftenezineb0311@gmail.com"} []
[2022-09-16 01:07:46] app.ERROR: Data from PrestaShop Addons is invalid, and cannot fallback on cache. [] []
[2022-09-16 01:07:47] security.DEBUG: Stored the security token in the session. {"key":"_security_main"} []
[2022-09-16 01:07:38] request.INFO: Matched route "admin_module_manage". {"route":"admin_module_manage","route_parameters":{"category":null,"keyword":null,"_controller":"PrestaShopBundle\\Controller\\Admin\\Improve\\ModuleController::manageAction","_legacy_controller":"AdminModulesManage","_legacy_link":["AdminModulesManage","AdminModulesSf"],"_route":"admin_module_manage"},"request_uri":"https://localhost/prestashop/admin329ejmxth/index.php/improve/modules/manage?_token=zAz2gs6zawavPh1SuNje314bn15rFg_18kVeacPyjG0","method":"GET"} []
[2022-09-16 01:07:48] security.DEBUG: Read existing security token from the session. {"key":"_security_main","token_class":"Symfony\\Component\\Security\\Core\\Authentication\\Token\\UsernamePasswordToken"} []
[2022-09-16 01:07:48] security.DEBUG: User was reloaded from a user provider. {"provider":"PrestaShopBundle\\Security\\Admin\\EmployeeProvider","username":"iftenezineb0311@gmail.com"} []
[2022-09-16 01:07:53] app.ERROR: Data from PrestaShop Addons is invalid, and cannot fallback on cache. [] []
[2022-09-16 01:07:56] security.DEBUG: Stored the security token in the session. {"key":"_security_main"} []
[2022-09-16 01:07:49] request.INFO: Matched route "admin_module_manage". {"route":"admin_module_manage","route_parameters":{"category":null,"keyword":null,"_controller":"PrestaShopBundle\\Controller\\Admin\\Improve\\ModuleController::manageAction","_legacy_controller":"AdminModulesManage","_legacy_link":["AdminModulesManage","AdminModulesSf"],"_route":"admin_module_manage"},"request_uri":"https://localhost/prestashop/admin329ejmxth/index.php/improve/modules/manage?_token=zAz2gs6zawavPh1SuNje314bn15rFg_18kVeacPyjG0","method":"GET"} []
[2022-09-16 01:07:56] security.DEBUG: Read existing security token from the session. {"key":"_security_main","token_class":"Symfony\\Component\\Security\\Core\\Authentication\\Token\\UsernamePasswordToken"} []
[2022-09-16 01:07:56] security.DEBUG: User was reloaded from a user provider. {"provider":"PrestaShopBundle\\Security\\Admin\\EmployeeProvider","username":"iftenezineb0311@gmail.com"} []
[2022-09-16 01:08:01] app.ERROR: Data from PrestaShop Addons is invalid, and cannot fallback on cache. [] []
[2022-09-16 01:08:03] security.DEBUG: Stored the security token in the session. {"key":"_security_main"} []
[2022-09-16 01:08:06] request.INFO: Matched route "admin_module_notification_count". {"route":"admin_module_notification_count","route_parameters":{"_controller":"PrestaShopBundle\\Controller\\Admin\\Improve\\Modules\\AlertsController::notificationsCountAction","_legacy_controller":"AdminModulesNotifications","_legacy_link":"AdminModulesNotifications:count","_route":"admin_module_notification_count"},"request_uri":"https://localhost/prestashop/admin329ejmxth/index.php/improve/modules/alerts/count?_token=zAz2gs6zawavPh1SuNje314bn15rFg_18kVeacPyjG0","method":"GET"} []
[2022-09-16 01:08:07] security.DEBUG: Read existing security token from the session. {"key":"_security_main","token_class":"Symfony\\Component\\Security\\Core\\Authentication\\Token\\UsernamePasswordToken"} []
[2022-09-16 01:08:07] security.DEBUG: User was reloaded from a user provider. {"provider":"PrestaShopBundle\\Security\\Admin\\EmployeeProvider","username":"iftenezineb0311@gmail.com"} []
[2022-09-16 01:08:12] app.ERROR: Data from PrestaShop Addons is invalid, and cannot fallback on cache. [] []
[2022-09-16 01:08:13] security.DEBUG: Stored the security token in the session. {"key":"_security_main"} []
[2022-09-16 01:10:59] request.INFO: Matched route "admin_module_manage". {"route":"admin_module_manage","route_parameters":{"category":null,"keyword":null,"_controller":"PrestaShopBundle\\Controller\\Admin\\Improve\\ModuleController::manageAction","_legacy_controller":"AdminModulesManage","_legacy_link":["AdminModulesManage","AdminModulesSf"],"_route":"admin_module_manage"},"request_uri":"https://localhost/prestashop/admin329ejmxth/index.php/improve/modules/manage?_token=zAz2gs6zawavPh1SuNje314bn15rFg_18kVeacPyjG0","method":"GET"} []
[2022-09-16 01:10:59] security.DEBUG: Read existing security token from the session. {"key":"_security_main","token_class":"Symfony\\Component\\Security\\Core\\Authentication\\Token\\UsernamePasswordToken"} []
[2022-09-16 01:10:59] security.DEBUG: User was reloaded from a user provider. {"provider":"PrestaShopBundle\\Security\\Admin\\EmployeeProvider","username":"iftenezineb0311@gmail.com"} []
[2022-09-16 01:11:05] app.ERROR: Data from PrestaShop Addons is invalid, and cannot fallback on cache. [] []
[2022-09-16 01:11:07] security.DEBUG: Stored the security token in the session. {"key":"_security_main"} []
[2022-09-16 01:11:09] request.INFO: Matched route "admin_module_notification_count". {"route":"admin_module_notification_count","route_parameters":{"_controller":"PrestaShopBundle\\Controller\\Admin\\Improve\\Modules\\AlertsController::notificationsCountAction","_legacy_controller":"AdminModulesNotifications","_legacy_link":"AdminModulesNotifications:count","_route":"admin_module_notification_count"},"request_uri":"https://localhost/prestashop/admin329ejmxth/index.php/improve/modules/alerts/count?_token=zAz2gs6zawavPh1SuNje314bn15rFg_18kVeacPyjG0","method":"GET"} []
[2022-09-16 01:11:11] security.DEBUG: Read existing security token from the session. {"key":"_security_main","token_class":"Symfony\\Component\\Security\\Core\\Authentication\\Token\\UsernamePasswordToken"} []
[2022-09-16 01:11:11] security.DEBUG: User was reloaded from a user provider. {"provider":"PrestaShopBundle\\Security\\Admin\\EmployeeProvider","username":"iftenezineb0311@gmail.com"} []
[2022-09-16 01:11:16] app.ERROR: Data from PrestaShop Addons is invalid, and cannot fallback on cache. [] []
[2022-09-16 01:11:17] security.DEBUG: Stored the security token in the session. {"key":"_security_main"} []
[2022-09-16 01:31:15] request.INFO: Matched route "admin_module_manage". {"route":"admin_module_manage","route_parameters":{"category":null,"keyword":null,"_controller":"PrestaShopBundle\\Controller\\Admin\\Improve\\ModuleController::manageAction","_legacy_controller":"AdminModulesManage","_legacy_link":["AdminModulesManage","AdminModulesSf"],"_route":"admin_module_manage"},"request_uri":"https://localhost/prestashop/admin329ejmxth/index.php/improve/modules/manage?_token=zAz2gs6zawavPh1SuNje314bn15rFg_18kVeacPyjG0","method":"GET"} []
[2022-09-16 01:31:15] security.DEBUG: Read existing security token from the session. {"key":"_security_main","token_class":"Symfony\\Component\\Security\\Core\\Authentication\\Token\\UsernamePasswordToken"} []
[2022-09-16 01:31:15] security.DEBUG: User was reloaded from a user provider. {"provider":"PrestaShopBundle\\Security\\Admin\\EmployeeProvider","username":"iftenezineb0311@gmail.com"} []
[2022-09-16 01:31:24] app.ERROR: Data from PrestaShop Addons is invalid, and cannot fallback on cache. [] []
[2022-09-16 01:31:27] security.DEBUG: Stored the security token in the session. {"key":"_security_main"} []
[2022-09-16 13:54:34] request.INFO: Matched route "admin_system_information_check_files". {"route":"admin_system_information_check_files","route_parameters":{"_controller":"PrestaShopBundle\\Controller\\Admin\\Configure\\AdvancedParameters\\SystemInformationController::displayCheckFilesAction","_legacy_controller":"AdminInformation","_legacy_link":"AdminInformation:checkFiles","_route":"admin_system_information_check_files"},"request_uri":"https://localhost/prestashop/admin329ejmxth/index.php/configure/advanced/system-information/files?_token=zAz2gs6zawavPh1SuNje314bn15rFg_18kVeacPyjG0","method":"POST"} []
[2022-09-16 13:54:34] security.DEBUG: Read existing security token from the session. {"key":"_security_main","token_class":"Symfony\\Component\\Security\\Core\\Authentication\\Token\\UsernamePasswordToken"} []
[2022-09-16 13:54:34] security.DEBUG: User was reloaded from a user provider. {"provider":"PrestaShopBundle\\Security\\Admin\\EmployeeProvider","username":"iftenezineb0311@gmail.com"} []
[2022-09-16 13:56:33] request.CRITICAL: Uncaught PHP Exception Symfony\Component\Debug\Exception\FatalErrorException: "Error: Maximum execution time of 120 seconds exceeded" at C:\xampp-v7\htdocs\prestashop\src\Adapter\Requirement\CheckMissingOrUpdatedFiles.php line 70 {"exception":"[object] (Symfony\\Component\\Debug\\Exception\\FatalErrorException(code: 0): Error: Maximum execution time of 120 seconds exceeded at C:\\xampp-v7\\htdocs\\prestashop\\src\\Adapter\\Requirement\\CheckMissingOrUpdatedFiles.php:70)"} []
[2022-09-16 13:56:33] security.DEBUG: Stored the security token in the session. {"key":"_security_main"} []
